#
# There is insufficient memory for the Java Runtime Environment to continue.
# Native memory allocation (malloc) failed to allocate 1048576 bytes for AllocateHeap
# Possible reasons:
#   The system is out of physical RAM or swap space
#   In 32 bit mode, the process size limit was hit
# Possible solutions:
#   Reduce memory load on the system
#   Increase physical memory or swap space
#   Check if swap backing store is full
#   Use 64 bit Java on a 64 bit OS
#   Decrease Java heap size (-Xmx/-Xms)
#   Decrease number of Java threads
#   Decrease Java thread stack sizes (-Xss)
#   Set larger code cache with -XX:ReservedCodeCacheSize=
# This output file may be truncated or incomplete.
#
#  Out of Memory Error (memory/allocation.inline.hpp:61), pid=21548, tid=0x0000000000004a40
#
# JRE version:  (8.0_111-b14) (build )
# Java VM: Java HotSpot(TM) 64-Bit Server VM (25.111-b14 mixed mode windows-amd64 compressed oops)
# Failed to write core dump. Minidumps are not enabled by default on client versions of Windows
#

---------------  T H R E A D  ---------------

Current thread (0x000000000254a800):  JavaThread "Unknown thread" [_thread_in_vm, id=19008, stack(0x0000000002940000,0x0000000002a40000)]

Stack: [0x0000000002940000,0x0000000002a40000]
[error occurred during error reporting (printing stack bounds), id 0xc0000005]

Native frames: (J=compiled Java code, j=interpreted, Vv=VM code, C=native code)


---------------  P R O C E S S  ---------------

Java Threads: ( => current thread )

Other Threads:

=>0x000000000254a800 (exited) JavaThread "Unknown thread" [_thread_in_vm, id=19008, stack(0x0000000002940000,0x0000000002a40000)]

VM state:not at safepoint (normal execution)

VM Mutex/Monitor currently owned by a thread: None

Heap:
 PSYoungGen      total 76288K, used 1310K [0x000000076ae00000, 0x0000000770300000, 0x00000007c0000000)
  eden space 65536K, 2% used [0x000000076ae00000,0x000000076af47af0,0x000000076ee00000)
  from space 10752K, 0% used [0x000000076f880000,0x000000076f880000,0x0000000770300000)
  to   space 10752K, 0% used [0x000000076ee00000,0x000000076ee00000,0x000000076f880000)
 ParOldGen       total 175104K, used 0K [0x00000006c0a00000, 0x00000006cb500000, 0x000000076ae00000)
  object space 175104K, 0% used [0x00000006c0a00000,0x00000006c0a00000,0x00000006cb500000)
 Metaspace       used 770K, capacity 4480K, committed 4480K, reserved 1056768K
  class space    used 75K, capacity 384K, committed 384K, reserved 1048576K

Card table byte_map: [0x0000000011e00000,0x0000000012600000] byte_map_base: 0x000000000e7fb000

Marking Bits: (ParMarkBitMap*) 0x000000007077a6c0
 Begin Bits: [0x0000000013200000, 0x00000000171d8000)
 End Bits:   [0x00000000171d8000, 0x000000001b1b0000)

Polling page: 0x0000000000130000

CodeCache: size=245760Kb used=328Kb max_used=328Kb free=245431Kb
 bounds [0x0000000002a40000, 0x0000000002cb0000, 0x0000000011a40000]
 total_blobs=58 nmethods=0 adapters=38
 compilation: enabled

Compilation events (0 events):
No events

GC Heap History (0 events):
No events

Deoptimization events (0 events):
No events

Internal exceptions (0 events):
No events

Events (10 events):
Event: 0.031 loading class java/lang/Short
Event: 0.031 loading class java/lang/Short done
Event: 0.031 loading class java/lang/Integer
Event: 0.031 loading class java/lang/Integer done
Event: 0.031 loading class java/lang/Long
Event: 0.031 loading class java/lang/Long done
Event: 0.032 loading class java/lang/NullPointerException
Event: 0.032 loading class java/lang/NullPointerException done
Event: 0.032 loading class java/lang/ArithmeticException
Event: 0.032 loading class java/lang/ArithmeticException done


Dynamic libraries:
0x000000013f680000 - 0x000000013f6b7000 	C:\Program Files\Java\jdk1.8.0_111\bin\java.exe
0x00000000771c0000 - 0x0000000077369000 	C:\Windows\SYSTEM32\ntdll.dll
0x00000000770a0000 - 0x00000000771bf000 	C:\Windows\system32\kernel32.dll
0x000007fefd220000 - 0x000007fefd28b000 	C:\Windows\system32\KERNELBASE.dll
0x000007fefefe0000 - 0x000007feff0bb000 	C:\Windows\system32\ADVAPI32.dll
0x000007fefda00000 - 0x000007fefda9f000 	C:\Windows\system32\msvcrt.dll
0x000007fefef90000 - 0x000007fefefaf000 	C:\Windows\SYSTEM32\sechost.dll
0x000007feff320000 - 0x000007feff44d000 	C:\Windows\system32\RPCRT4.dll
0x0000000076fa0000 - 0x000000007709a000 	C:\Windows\system32\USER32.dll
0x000007fefd990000 - 0x000007fefd9f7000 	C:\Windows\system32\GDI32.dll
0x000007fefe150000 - 0x000007fefe15e000 	C:\Windows\system32\LPK.dll
0x000007fefd7e0000 - 0x000007fefd8a9000 	C:\Windows\system32\USP10.dll
0x000007fefbb30000 - 0x000007fefbd24000 	C:\Windows\WinSxS\amd64_microsoft.windows.common-controls_6595b64144ccf1df_6.0.7601.17514_none_fa396087175ac9ac\COMCTL32.dll
0x000007feff450000 - 0x000007feff4c1000 	C:\Windows\system32\SHLWAPI.dll
0x000007fefefb0000 - 0x000007fefefde000 	C:\Windows\system32\IMM32.DLL
0x000007fefd4f0000 - 0x000007fefd5f9000 	C:\Windows\system32\MSCTF.dll
0x000000006e0b0000 - 0x000000006e182000 	C:\Program Files\Java\jdk1.8.0_111\jre\bin\msvcr100.dll
0x000000006ff60000 - 0x00000000707fa000 	C:\Program Files\Java\jdk1.8.0_111\jre\bin\server\jvm.dll
0x000007fef8cb0000 - 0x000007fef8cb9000 	C:\Windows\system32\WSOCK32.dll
0x000007fefdaa0000 - 0x000007fefdaed000 	C:\Windows\system32\WS2_32.dll
0x000007fefd4e0000 - 0x000007fefd4e8000 	C:\Windows\system32\NSI.dll
0x000007fef9920000 - 0x000007fef995b000 	C:\Windows\system32\WINMM.dll
0x000007fefc250000 - 0x000007fefc25c000 	C:\Windows\system32\VERSION.dll
0x0000000077390000 - 0x0000000077397000 	C:\Windows\system32\PSAPI.DLL
0x00000000736e0000 - 0x00000000736ef000 	C:\Program Files\Java\jdk1.8.0_111\jre\bin\verify.dll
0x0000000073370000 - 0x0000000073399000 	C:\Program Files\Java\jdk1.8.0_111\jre\bin\java.dll
0x000000006fec0000 - 0x000000006fee3000 	C:\Program Files\Java\jdk1.8.0_111\jre\bin\instrument.dll
0x0000000073350000 - 0x0000000073366000 	C:\Program Files\Java\jdk1.8.0_111\jre\bin\zip.dll

VM Arguments:
jvm_args: -javaagent:D:\Program Files\JetBrains\IntelliJ IDEA 2018.3.3\lib\idea_rt.jar=60031:D:\Program Files\JetBrains\IntelliJ IDEA 2018.3.3\bin -Dfile.encoding=UTF-8 
java_command: com.fs.interview.alg.string.StringLength
java_class_path (initial): C:\Program Files\Java\jdk1.8.0_111\jre\lib\charsets.jar;C:\Program Files\Java\jdk1.8.0_111\jre\lib\deploy.jar;C:\Program Files\Java\jdk1.8.0_111\jre\lib\ext\access-bridge-64.jar;C:\Program Files\Java\jdk1.8.0_111\jre\lib\ext\cldrdata.jar;C:\Program Files\Java\jdk1.8.0_111\jre\lib\ext\dnsns.jar;C:\Program Files\Java\jdk1.8.0_111\jre\lib\ext\jaccess.jar;C:\Program Files\Java\jdk1.8.0_111\jre\lib\ext\jfxrt.jar;C:\Program Files\Java\jdk1.8.0_111\jre\lib\ext\localedata.jar;C:\Program Files\Java\jdk1.8.0_111\jre\lib\ext\nashorn.jar;C:\Program Files\Java\jdk1.8.0_111\jre\lib\ext\sunec.jar;C:\Program Files\Java\jdk1.8.0_111\jre\lib\ext\sunjce_provider.jar;C:\Program Files\Java\jdk1.8.0_111\jre\lib\ext\sunmscapi.jar;C:\Program Files\Java\jdk1.8.0_111\jre\lib\ext\sunpkcs11.jar;C:\Program Files\Java\jdk1.8.0_111\jre\lib\ext\zipfs.jar;C:\Program Files\Java\jdk1.8.0_111\jre\lib\javaws.jar;C:\Program Files\Java\jdk1.8.0_111\jre\lib\jce.jar;C:\Program Files\Java\jdk1.8.0_111\jre\lib\jfr.jar;C:\Program Files\Java\jdk1.8.0_111\jre\lib\jfxswt.jar;C:\Program Files\Java\jdk1.8.0_111\jre\lib\jsse.jar;C:\Program Files\Java\jdk1.8.0_111\jre\lib\management-agent.jar;C:\Program Files\Java\jdk1.8.0_111\jre\lib\plugin.jar;C:\Program Files\Java\jdk1.8.0_111\jre\lib\resources.jar;C:\Program Files\Java\jdk1.8.0_111\jre\lib\rt.jar;D:\github\project\interview\project\target\classes;C:\Users\SEELE\.m2\repository\org\springframework\boot\spring-boot-starter-web\2.2.4.RELEASE\spring-boot-starter-web-2.2.4.RELEASE.jar;C:\Users\SEELE\.m2\repository\org\springframework\boot\spring-boot-starter\2.2.4.RELEASE\spring-boot-starter-2.2.4.RELEASE.jar;C:\Users\SEELE\.m2\repository\org\springframework\boot\spring-boot\2.2.4.RELEASE\spring-boot-2.2.4.RELEASE.jar;C:\Users\SEELE\.m2\repository\org\springframework\boot\spring-boot-autoconfigure\2.2.4.RELEASE\spring-boot-autoconfigure-2.2.4.RELEASE.jar;C:\Users\SEELE\.m2\repository\org\springframework\boot\spring-boot-starter-logging\2.2
Launcher Type: SUN_STANDARD

Environment Variables:
JAVA_HOME=C:\Program Files\Java\jdk1.8.0_111
PATH=C:\Program Files (x86)\Common Files\Oracle\Java\javapath;C:\ProgramData\Oracle\Java\javapath;C:\Windows\system32;C:\Windows;C:\Windows\System32\Wbem;C:\Windows\System32\WindowsPowerShell\v1.0\;D:\green_software\apache-ant-1.9.7-bin\apache-ant-1.9.7\bin;\C:\Program Files\Java\jdk1.8.0_111\bin;D:\green_software\gradle-3.0\bin;D:\Program Files (x86)\scala\bin;D:\Program Files (x86)\sbt\bin;D:\Python27;D:\green_software\apache-maven-3.5.0-bin\apache-maven-3.5.0\bin;D:\Program Files(X86)\MongoDB\Server\3.2\bin;D:\Program Files\Redis;D:\Program Files\OpenVPN\bin;C:\Program Files\PuTTY\;D:\green_software\graphviz-2.38\release\bin\dot.exe;%GIT_HOME;C:\Program Files\MySQL\MySQL Server 5.7\bin;;C:\Program Files (x86)\NVIDIA Corporation\PhysX\Common;D:\Program Files (x86)\Nmap
USERNAME=SEELE
OS=Windows_NT
PROCESSOR_IDENTIFIER=Intel64 Family 6 Model 94 Stepping 3, GenuineIntel



---------------  S Y S T E M  ---------------

OS: Windows 7 , 64 bit Build 7601 (6.1.7601.17514)

CPU:total 4 (4 cores per cpu, 1 threads per core) family 6 model 94 stepping 3, cmov, cx8, fxsr, mmx, sse, sse2, sse3, ssse3, sse4.1, sse4.2, popcnt, avx, avx2, aes, clmul, erms, rtm, 3dnowpref, lzcnt, tsc, tscinvbit, bmi1, bmi2, adx

Memory: 4k page, physical 16733532k(5516820k free), swap 18828840k(7752k free)

vm_info: Java HotSpot(TM) 64-Bit Server VM (25.111-b14) for windows-amd64 JRE (1.8.0_111-b14), built on Sep 22 2016 19:24:05 by "java_re" with MS VC++ 10.0 (VS2010)

time: Wed Feb 19 21:30:20 2020
elapsed time: 0 seconds (0d 0h 0m 0s)

